0
故宫
八达岭长城
天安门广场
天坛公园
颐和园
圆明园
慕田峪长城
景山公园
南锣鼓巷
恭王府
北海公园
北京798艺术区
什刹海
鸟巢
北京杜莎夫人蜡像馆(前门大街店)
1
雍和宫
清华大学
前门大街
孔庙和国子监博物馆
中国国家博物馆
北京大学
古北水镇
北京动物园
香山公园
北京奥林匹克森林公园
地坛公园
水立方
玉渊潭公园
五道营胡同
北京欢乐谷
2
北京大栅栏
世界公园
烟袋斜街
北京植物园
北京大观园
明十三陵
北京野生动物园
首都博物馆
老舍茶馆(前门店)
卢沟桥
居庸关长城
长安街
红螺寺
潭柘寺
角楼
3
北京自然博物馆
中山公园
朝阳公园
房山十渡风景名胜区
中国人民革命军事博物馆
八大处公园
玉渡山
天坛公园-祈年殿
毛主席纪念堂
中国美术馆
午门
蓝色港湾
东交民巷
北京凤凰岭自然风景公园
钟鼓楼
4
龙庆峡
八达岭野生动物园
天安门城楼
爨底下村
箭扣长城
灵山自然风景区
北京海洋馆
黑龙潭自然风景区
故宫博物院-珍宝馆
北京喇叭沟原始森林公园
人民大会堂
中国科学技术馆
马蜂窝全球总部
圣约瑟夫天主教堂(王府井天主堂)
中国国家图书馆
5
德云社天桥剧场
西单商业街
天安门广场-人民英雄纪念碑
司马台长城
雁栖湖风景区
红砖美术馆
雾灵山森林公园
海淀温泉冰雪体育公园
百里山水画廊
北京怀柔青龙峡景区
圆明园-大水法
颐和园长廊
地坛庙会
故宫博物院-御花园
太和殿
6
正阳门
紫竹院公园
北京园博园
八大胡同
百花山国家级自然保护区
陶然亭公园
中央电视台总部大楼
颐和园-十七孔桥
昆明湖
中央电视塔
妙峰山风景名胜区
中国铁道博物馆东郊馆
北京云蒙山国家森林公园
钓鱼台银杏大道
中南海
7
野鸭湖国家湿地公园
观复博物馆
北京坊
三里屯太古里
京东石林峡风景区
国贸商城
天坛公园-回音壁
故宫九龙壁
佛香阁
石花洞
中国电影博物馆
周口店坡峰岭风景区
灵水村
定陵
金海湖风景区
8
鼓楼大街
中国航空博物馆
国家大剧院
元大都城垣遗址公园
松美术馆
京东大峡谷
北京世界园艺博览会
北锣鼓巷
万春亭
簋街
乾清宫
鲜鱼口老字号美食街
白云观
宋庆龄同志故居
周口店遗址
9
天安门华表
国家奥林匹克中心
北京西山国家森林公园
密云水库
太庙
北京工人体育场
西什库教堂
海坨山
太和门
神堂峪自然风景区
帽儿胡同
世贸天阶
五棵松
什刹海酒吧街
北京石景山游乐园
10
北京国际鲜花港
后海公园
八达岭残长城
十三陵-定陵地下宫殿
百望山森林公园
北海九龙璧
妙应寺白塔
王府井步行街
杨梅竹斜街
军都山滑雪场
北京汽车博物馆
前门箭楼
延禧宫
望京SOHO
首都剧场
11
北京渔阳国际滑雪场
法源寺
五塔寺
北京颐和园石舫
圜丘
德云社三里屯剧场
清华大学艺术博物馆
颐和园-苏州街
星夜相声会馆懂事儿剧场
中华世纪坛
中国人民大学
龙潭公园
十三陵水库
银锭桥
蟒山国家森林公园
12
北宫国家森林公园
古北口长城
戒台寺
红叶岭
未名湖
东交民巷教堂
世界花卉大观园
团结湖公园
水立方嬉水乐园
明城墙遗址公园
日坛公园
中华民族园
国子监街
神泉峡风景区
法海寺
13
桃源仙谷自然风景区
太平洋汉海海底世界
雕刻时光咖啡馆(三联店)
平谷天云山
敕建大觉禅寺
故宫-钟表馆
八达岭国家森林公园-八达岭水关长城
中国铁道博物馆正阳门馆
北京奥林匹克塔
三里屯
后海酒吧街
卧佛寺
十三陵-长陵
北京古代建筑博物馆
中央美术学院美术馆
14
南海子公园
中国园林博物馆
石京龙滑雪场
今日美术馆
北京市劳动人民文化宫
史家胡同
云居寺
顶秀美泉小镇
荷花市场
北京西山国家森林公园鬼笑石
古崖居遗址
钟表馆（奉先殿）
北京鹫峰国家森林公园
首钢工业遗址公园
北京大学西门
15
智化寺
百里山水画廊-白河峡谷
白瀑寺
银山塔林
保和殿
湖广会馆
双龙峡自然风景区
静之湖滑雪场
富国海底世界
中和殿
北京石刻艺术博物馆
北京钓鱼台国宾馆
圣莲山景区
坤宁宫
郁金香摩锐水世界
16
德胜门箭楼
段祺瑞执政府
铁路博物馆
山顶教堂
UCCA尤伦斯当代艺术中心
杂书馆
建外SOHO
天坛公园祈年门
千灵山景区
纪晓岚故居
文华殿（陶瓷馆）
中国地质博物馆
小海陀山
金水桥
小汤山
17
中央美术学院
大运河森林公园
神武门
三里河公园
神路公园
罗红摄影艺术馆
东四胡同
京西古道
篱苑书屋
后花园(白虎涧)风景区
北京鲁迅博物馆
先农坛
北京图书大厦
孔庙
雍王府
18
莲花池公园
碧云寺
颐和园西堤
国家会议中心
皇穹宇
西洋楼
751艺术区
中国古动物馆
通州运河公园
保利艺术博物馆
北京历代帝王庙博物馆
梅兰芳纪念馆
北海公园-团城
中国人民抗日战争纪念馆
月坛公园
19
古观象台
呀路古热带植物园
大钟寺古钟博物馆
中国传媒大学
北京航空航天大学
永顺染坊
北海白塔
博雅塔
四季花海
蜂巢剧场
张各庄银杏林
东宫门
Skyline蹦床公园
万龙八易滑雪场
国家动物博物馆
